2026-02-14 19:54:26 +0000  Initial pipeline context: <IDEDistributionProcessingPipelineContext: 0x7bb0d2a00; archive(resolved)="<IDEArchive: 0x7d40913b0>", distributionTask(resolved)="2", distributionDestination(resolved)="1", distributionMethod(resolved)="<IDEDistributionMethodDeveloperID: 0x7cff27f50>", team(resolved)="<IDEProvisioningDisambiguatableBasicTeam: 0x7c44a5fc0; teamID='U5ZQTQYU53', teamName='Adnan Bseisu', teamType='Individual', username='bseisuadnan@gmail.com', isFreeProvisioningTeam='0'>">
	Chain (13, self inclusive):
	<IDEDistributionProcessingPipelineContext: 0x7bb0d2a00; archive = "<IDEArchive: 0x7d40913b0>", distributionMethod="<IDEDistributionMethodDeveloperID: 0x7cff27f50>", team="<IDEProvisioningDisambiguatableBasicTeam: 0x7c44a5fc0; teamID='U5ZQTQYU53', teamName='Adnan Bseisu', teamType='Individual', username='bseisuadnan@gmail.com', isFreeProvisioningTeam='0'>">
	<IDEDistributionProcessingPipelineContext: 0x7b65c9200; archive = "<IDEArchive: 0x7d40913b0>", distributionMethod="<IDEDistributionMethodDeveloperID: 0x7cff27f50>", team="<IDEProvisioningDisambiguatableBasicTeam: 0x7c44a5fc0; teamID='U5ZQTQYU53', teamName='Adnan Bseisu', teamType='Individual', username='bseisuadnan@gmail.com', isFreeProvisioningTeam='0'>">
	<IDEDistributionContext: 0x7d4c6b480; archive = "<IDEArchive: 0x7d40913b0>", distributionMethod="<IDEDistributionMethodDeveloperID: 0x7cff27f50>", team="<IDEProvisioningDisambiguatableBasicTeam: 0x7c44a5fc0; teamID='U5ZQTQYU53', teamName='Adnan Bseisu', teamType='Individual', username='bseisuadnan@gmail.com', isFreeProvisioningTeam='0'>">
	<IDEDistributionContext: 0x7d4c69b80; archive = "<IDEArchive: 0x7d40913b0>", distributionMethod="<IDEDistributionMethodDeveloperID: 0x7cff27f50>", team="<IDEProvisioningDisambiguatableBasicTeam: 0x7c44a5fc0; teamID='U5ZQTQYU53', teamName='Adnan Bseisu', teamType='Individual', username='bseisuadnan@gmail.com', isFreeProvisioningTeam='0'>">
	<IDEDistributionContext: 0x7d406b200; archive = "<IDEArchive: 0x7d40913b0>", distributionMethod="<IDEDistributionMethodDeveloperID: 0x7cff27f50>", team="<IDEProvisioningDisambiguatableBasicTeam: 0x7c44a5fc0; teamID='U5ZQTQYU53', teamName='Adnan Bseisu', teamType='Individual', username='bseisuadnan@gmail.com', isFreeProvisioningTeam='0'>">
	<IDEDistributionContext: 0x7d4158000; archive = "<IDEArchive: 0x7d40913b0>", distributionMethod="<IDEDistributionMethodDeveloperID: 0x7cff27f50>", team="<IDEProvisioningDisambiguatableBasicTeam: 0x7c44a5fc0; teamID='U5ZQTQYU53', teamName='Adnan Bseisu', teamType='Individual', username='bseisuadnan@gmail.com', isFreeProvisioningTeam='0'>">
	<IDEDistributionContext: 0x7d4159b80; archive = "<IDEArchive: 0x7d40913b0>", distributionMethod="<IDEDistributionMethodDeveloperID: 0x7cff27f50>", team="<IDEProvisioningDisambiguatableBasicTeam: 0x7c44a5fc0; teamID='U5ZQTQYU53', teamName='Adnan Bseisu', teamType='Individual', username='bseisuadnan@gmail.com', isFreeProvisioningTeam='0'>">
	<IDEDistributionContext: 0x7d4158500; archive = "<IDEArchive: 0x7d40913b0>", distributionMethod="<IDEDistributionMethodDeveloperID: 0x7cff27f50>", team="<IDEProvisioningDisambiguatableBasicTeam: 0x7c44a5fc0; teamID='U5ZQTQYU53', teamName='Adnan Bseisu', teamType='Individual', username='bseisuadnan@gmail.com', isFreeProvisioningTeam='0'>">
	<IDEDistributionContext: 0x7d406af80; archive = "<IDEArchive: 0x7d40913b0>", distributionMethod="<IDEDistributionMethodDeveloperID: 0x7cff27f50>", team="<IDEProvisioningDisambiguatableBasicTeam: 0x7c44a5fc0; teamID='U5ZQTQYU53', teamName='Adnan Bseisu', teamType='Individual', username='bseisuadnan@gmail.com', isFreeProvisioningTeam='0'>">
	<IDEDistributionContext: 0x7d43fa300; archive = "<IDEArchive: 0x7d40913b0>", distributionMethod="<IDEDistributionMethodDeveloperID: 0x7cff27f50>", team="(null)">
	<IDEDistributionContext: 0x7d415a300; archive = "<IDEArchive: 0x7d40913b0>", distributionMethod="<IDEDistributionMethodDeveloperID: 0x7cff27f50>", team="(null)">
	<IDEDistributionContext: 0x7d43f9180; archive = "<IDEArchive: 0x7d40913b0>", distributionMethod="(null)", team="(null)">
	<IDEDistributionContext: 0x7d4159900; archive = "<IDEArchive: 0x7d40913b0>", distributionMethod="(null)", team="(null)">
</IDEDistributionProcessingPipelineContext: 0x7bb0d2a00>
2026-02-14 19:54:26 +0000  Processing step: IDEDistributionCreateDestRootStep
2026-02-14 19:54:26 +0000  Processing step: IDEDistributionCopyItemStep
2026-02-14 19:54:26 +0000  Running /usr/bin/ditto '-V' '/Users/adnanbseisu/Library/Developer/Xcode/Archives/2026-02-14/LedgerRelay 2-14-26, 2.50 PM.xcarchive/Products/Applications/LedgerRelay.app' '/var/folders/md/54djxchd4f3b86q1l1wjcfsw0000gn/T/XcodeDistPipeline.~~~Pi4XhC/Root/Applications/LedgerRelay.app'
2026-02-14 19:54:26 +0000  >>> Copying /Users/adnanbseisu/Library/Developer/Xcode/Archives/2026-02-14/LedgerRelay 2-14-26, 2.50 PM.xcarchive/Products/Applications/LedgerRelay.app 
2026-02-14 19:54:26 +0000  copying file ./Contents/_CodeSignature/CodeResources ... 
2026-02-14 19:54:26 +0000  2200 bytes for ./Contents/_CodeSignature/CodeResources
2026-02-14 19:54:26 +0000  copying file ./Contents/MacOS/LedgerRelay ... 
2026-02-14 19:54:26 +0000  732400 bytes for ./Contents/MacOS/LedgerRelay
2026-02-14 19:54:26 +0000  copying file ./Contents/Info.plist ... 
2026-02-14 19:54:26 +0000  1440 bytes for ./Contents/Info.plist
2026-02-14 19:54:26 +0000  copying file ./Contents/PkgInfo ... 
8 bytes for ./Contents/PkgInfo
2026-02-14 19:54:26 +0000  /usr/bin/ditto exited with 0
2026-02-14 19:54:26 +0000  Processing step: IDEDistributionEmbedProfileStep
2026-02-14 19:54:26 +0000  Skipping profile for item: <IDEDistributionItem: 0x7d4c8d7a0; bundleID='com.sendbird.educare.LedgerRelay', path='<DVTFilePath:0x7d4e83780:'/Users/adnanbseisu/Library/Developer/Xcode/Archives/2026-02-14/LedgerRelay 2-14-26, 2.50 PM.xcarchive/Products/Applications/LedgerRelay.app'>', codeSigningInfo='<_DVTCodeSigningInformation_Path: 0x7d4c8c7e0; isSigned='1', isAdHocSigned='0', signingCertificate='<DVTSigningCertificate: 0x7d4c9ccc0; name='Apple Development: Adnan Bseisu (S87S68WTR8)', hash='2B299F1EA5DB9F754C66EC07D603A343D7D4230B', serialNumber='5091E6820CA1E89D4F6B0A10A20F0D3D', certificateKinds='(
    "1.2.840.113635.100.6.1.12",
    "1.2.840.113635.100.6.1.2"
), issueDate='2026-02-07 05:13:42 +0000''>', entitlements='{
    "com.apple.security.automation.apple-events" = 1;
}', teamID='U5ZQTQYU53', identifier='com.sendbird.educare.LedgerRelay', executablePath='<DVTFilePath:0x7d4e83a80:'/Users/adnanbseisu/Library/Developer/Xcode/Archives/2026-02-14/LedgerRelay 2-14-26, 2.50 PM.xcarchive/Products/Applications/LedgerRelay.app/Contents/MacOS/LedgerRelay'>', hardenedRuntime='1'>'>
2026-02-14 19:54:26 +0000  Processing step: IDEDistributionInfoPlistStep
2026-02-14 19:54:26 +0000  Skipping step: IDEDistributionInfoPlistStep because it said so
2026-02-14 19:54:26 +0000  Processing step: IDEDistributionAppThinningPlistStep
2026-02-14 19:54:26 +0000  Processing step: IDEDistributionSymbolsStep
2026-02-14 19:54:26 +0000  Skipping step: IDEDistributionSymbolsStep because it said so
2026-02-14 19:54:26 +0000  Processing step: IDEDistributionAppThinningStep
2026-02-14 19:54:26 +0000  Skipping step: IDEDistributionAppThinningStep because it said so
2026-02-14 19:54:26 +0000  Processing step: IDEDistributionArchThinningStep
2026-02-14 19:54:26 +0000  Archs to thin for item /Users/adnanbseisu/Library/Developer/Xcode/Archives/2026-02-14/LedgerRelay 2-14-26, 2.50 PM.xcarchive/Products/Applications/LedgerRelay.app are []
2026-02-14 19:54:26 +0000  Processing step: IDEDistributionODRStep
2026-02-14 19:54:26 +0000  Processing step: IDEDistributionStripXattrsStep
2026-02-14 19:54:26 +0000  Skipping stripping extended attributes because the codesign step will strip them.
2026-02-14 19:54:26 +0000  Processing step: IDEDistributionCodesignStep
2026-02-14 19:54:26 +0000  Entitlements for <IDEDistributionItem: 0x7d4c8d7a0; bundleID='com.sendbird.educare.LedgerRelay', path='<DVTFilePath:0x7d4e83780:'/Users/adnanbseisu/Library/Developer/Xcode/Archives/2026-02-14/LedgerRelay 2-14-26, 2.50 PM.xcarchive/Products/Applications/LedgerRelay.app'>', codeSigningInfo='<_DVTCodeSigningInformation_Path: 0x7d4c8c7e0; isSigned='1', isAdHocSigned='0', signingCertificate='<DVTSigningCertificate: 0x7d4c9ccc0; name='Apple Development: Adnan Bseisu (S87S68WTR8)', hash='2B299F1EA5DB9F754C66EC07D603A343D7D4230B', serialNumber='5091E6820CA1E89D4F6B0A10A20F0D3D', certificateKinds='(
    "1.2.840.113635.100.6.1.12",
    "1.2.840.113635.100.6.1.2"
), issueDate='2026-02-07 05:13:42 +0000''>', entitlements='{
    "com.apple.security.automation.apple-events" = 1;
}', teamID='U5ZQTQYU53', identifier='com.sendbird.educare.LedgerRelay', executablePath='<DVTFilePath:0x7d4e83a80:'/Users/adnanbseisu/Library/Developer/Xcode/Archives/2026-02-14/LedgerRelay 2-14-26, 2.50 PM.xcarchive/Products/Applications/LedgerRelay.app/Contents/MacOS/LedgerRelay'>', hardenedRuntime='1'>'>: {
    "com.apple.security.automation.apple-events" = 1;
}
2026-02-14 19:54:26 +0000  Associated App Clip Identifiers Filter: Skipping because "com.apple.developer.associated-appclip-app-identifiers" is not present
2026-02-14 19:54:26 +0000  Entitlements for <IDEDistributionItem: 0x7d4c8d7a0; bundleID='com.sendbird.educare.LedgerRelay', path='<DVTFilePath:0x7d4e83780:'/Users/adnanbseisu/Library/Developer/Xcode/Archives/2026-02-14/LedgerRelay 2-14-26, 2.50 PM.xcarchive/Products/Applications/LedgerRelay.app'>', codeSigningInfo='<_DVTCodeSigningInformation_Path: 0x7d4c8c7e0; isSigned='1', isAdHocSigned='0', signingCertificate='<DVTSigningCertificate: 0x7d4c9ff00; name='Apple Development: Adnan Bseisu (S87S68WTR8)', hash='2B299F1EA5DB9F754C66EC07D603A343D7D4230B', serialNumber='5091E6820CA1E89D4F6B0A10A20F0D3D', certificateKinds='(
    "1.2.840.113635.100.6.1.12",
    "1.2.840.113635.100.6.1.2"
), issueDate='2026-02-07 05:13:42 +0000''>', entitlements='{
    "com.apple.security.automation.apple-events" = 1;
}', teamID='U5ZQTQYU53', identifier='com.sendbird.educare.LedgerRelay', executablePath='<DVTFilePath:0x7d4e83a80:'/Users/adnanbseisu/Library/Developer/Xcode/Archives/2026-02-14/LedgerRelay 2-14-26, 2.50 PM.xcarchive/Products/Applications/LedgerRelay.app/Contents/MacOS/LedgerRelay'>', hardenedRuntime='1'>'> are: {
    "com.apple.security.automation.apple-events" = 1;
}
2026-02-14 19:54:26 +0000  Writing entitlements for <IDEDistributionItem: 0x7d4c8d7a0; bundleID='com.sendbird.educare.LedgerRelay', path='<DVTFilePath:0x7d4e83780:'/Users/adnanbseisu/Library/Developer/Xcode/Archives/2026-02-14/LedgerRelay 2-14-26, 2.50 PM.xcarchive/Products/Applications/LedgerRelay.app'>', codeSigningInfo='<_DVTCodeSigningInformation_Path: 0x7d4c8c7e0; isSigned='1', isAdHocSigned='0', signingCertificate='<DVTSigningCertificate: 0x7d4c9ff00; name='Apple Development: Adnan Bseisu (S87S68WTR8)', hash='2B299F1EA5DB9F754C66EC07D603A343D7D4230B', serialNumber='5091E6820CA1E89D4F6B0A10A20F0D3D', certificateKinds='(
    "1.2.840.113635.100.6.1.12",
    "1.2.840.113635.100.6.1.2"
), issueDate='2026-02-07 05:13:42 +0000''>', entitlements='{
    "com.apple.security.automation.apple-events" = 1;
}', teamID='U5ZQTQYU53', identifier='com.sendbird.educare.LedgerRelay', executablePath='<DVTFilePath:0x7d4e83a80:'/Users/adnanbseisu/Library/Developer/Xcode/Archives/2026-02-14/LedgerRelay 2-14-26, 2.50 PM.xcarchive/Products/Applications/LedgerRelay.app/Contents/MacOS/LedgerRelay'>', hardenedRuntime='1'>'> to: /var/folders/md/54djxchd4f3b86q1l1wjcfsw0000gn/T/XcodeDistPipeline.~~~Pi4XhC/entitlements~~~CTdVYF
2026-02-14 19:54:26 +0000  invoking codesign: <NSConcreteTask: 0x7d4c38500; launchPath='/usr/bin/codesign', arguments='(
    "-f",
    "-s",
    0633D2F1AE289AEA81CB9E2CAABC023240B20100,
    "--entitlements",
    "/var/folders/md/54djxchd4f3b86q1l1wjcfsw0000gn/T/XcodeDistPipeline.~~~Pi4XhC/entitlements~~~CTdVYF",
    "--requirements",
    "=designated => anchor apple generic  and identifier \"$self.identifier\" and ((cert leaf[field.1.2.840.113635.100.6.1.9] exists) or ( certificate 1[field.1.2.840.113635.100.6.2.6] exists and certificate leaf[field.1.2.840.113635.100.6.1.13] exists  and certificate leaf[subject.OU] = \"U5ZQTQYU53\" ))",
    "--preserve-metadata=identifier,flags,runtime,launch-constraints,library-constraints",
    "--generate-entitlement-der",
    "--strip-disallowed-xattrs",
    "-vvv",
    "/var/folders/md/54djxchd4f3b86q1l1wjcfsw0000gn/T/XcodeDistPipeline.~~~Pi4XhC/Root/Applications/LedgerRelay.app"
)'>
2026-02-14 19:54:38 +0000  codesign output: /var/folders/md/54djxchd4f3b86q1l1wjcfsw0000gn/T/XcodeDistPipeline.~~~Pi4XhC/Root/Applications/LedgerRelay.app: replacing existing signature
/var/folders/md/54djxchd4f3b86q1l1wjcfsw0000gn/T/XcodeDistPipeline.~~~Pi4XhC/Root/Applications/LedgerRelay.app: signed app bundle with Mach-O universal (x86_64 arm64) [com.sendbird.educare.LedgerRelay]
2026-02-14 19:54:38 +0000  Processing step: IDEDistributionZipODRItemStep
2026-02-14 19:54:38 +0000  Skipping step: IDEDistributionZipODRItemStep because it said so
2026-02-14 19:54:38 +0000  Processing step: IDEDistributionSkipPackagingStep
2026-02-14 19:54:38 +0000  Processing step: IDEDistributionAppStoreInformationStep
2026-02-14 19:54:38 +0000  Skipping step: IDEDistributionAppStoreInformationStep because it said so
2026-02-14 19:54:38 +0000  Processing step: IDEDistributionGenerateProcessedDistributionItems
2026-02-14 19:54:38 +0000  IDEDistributionItem init <DVTFilePath:0x7d4c8daa0:'/var/folders/md/54djxchd4f3b86q1l1wjcfsw0000gn/T/XcodeDistPipeline.~~~Pi4XhC/Root/Applications/LedgerRelay.app'>
2026-02-14 19:54:38 +0000  [OPTIONAL] Didn't find embedded provisioning profile for <DVTFilePath:0x7d4c8daa0:'/var/folders/md/54djxchd4f3b86q1l1wjcfsw0000gn/T/XcodeDistPipeline.~~~Pi4XhC/Root/Applications/LedgerRelay.app'>: Error Domain=NSCocoaErrorDomain Code=4 "No file at <DVTFilePath:0x7cd4a48c0:'/var/folders/md/54djxchd4f3b86q1l1wjcfsw0000gn/T/XcodeDistPipeline.~~~Pi4XhC/Root/Applications/LedgerRelay.app/Contents/embedded.provisionprofile'>" UserInfo={NSLocalizedDescription=No file at <DVTFilePath:0x7cd4a48c0:'/var/folders/md/54djxchd4f3b86q1l1wjcfsw0000gn/T/XcodeDistPipeline.~~~Pi4XhC/Root/Applications/LedgerRelay.app/Contents/embedded.provisionprofile'>}
2026-02-14 19:54:38 +0000  Processing step: IDEDistributionCreateManifestStep
2026-02-14 19:54:38 +0000  Skipping step: IDEDistributionCreateManifestStep because it said so
